<?xml version="1.0" encoding="UTF-8"?>
<testsuite xmlns:xsi="http://www.w3.org/2001/XMLSchema-instance" xsi:noNamespaceSchemaLocation="https://maven.apache.org/surefire/maven-surefire-plugin/xsd/surefire-test-report-3.0.xsd" version="3.0" name="io.confluent.kafka.serializers.KafkaAvroSerializerTest" time="2.746" tests="27" errors="0" skipped="0" failures="0">
  <properties>
[...]
</properties>
  <testcase name="testKafkaAvroSerializerReflectionRecord" classname="io.confluent.kafka.serializers.KafkaAvroSerializerTest" time="0.443"/>
  <testcase name="testKafkaAvroSerializerSpecificRecordWithProjection" classname="io.confluent.kafka.serializers.KafkaAvroSerializerTest" time="0.285"/>
  <testcase name="testKafkaAvroSerializerWithMultiTypeError" classname="io.confluent.kafka.serializers.KafkaAvroSerializerTest" time="0.317"/>
  <testcase name="testKafkaAvroSerializerWithMultiTypeUnion" classname="io.confluent.kafka.serializers.KafkaAvroSerializerTest" time="0.068"/>
  <testcase name="testNull" classname="io.confluent.kafka.serializers.KafkaAvroSerializerTest" time="0.026"/>
  <testcase name="testKafkaAvroSerializerWithMapSpecific" classname="io.confluent.kafka.serializers.KafkaAvroSerializerTest" time="0.065"/>
  <testcase name="testKafkaAvroSerializerNonexistantReflectionRecord" classname="io.confluent.kafka.serializers.KafkaAvroSerializerTest" time="0.045"/>
  <testcase name="testKafkaAvroSerializerReflectionRecordWithProjection" classname="io.confluent.kafka.serializers.KafkaAvroSerializerTest" time="0.048"/>
  <testcase name="testKafkaAvroSerializerSpecificRecordWithPrimitives" classname="io.confluent.kafka.serializers.KafkaAvroSerializerTest" time="0.062"/>
  <testcase name="testKafkaAvroSerializerWithoutConfigure" classname="io.confluent.kafka.serializers.KafkaAvroSerializerTest" time="0.047"/>
  <testcase name="testKafkaAvroSerializerSpecificRecord" classname="io.confluent.kafka.serializers.KafkaAvroSerializerTest" time="0.033"/>
  <testcase name="testKafkaAvroSerializerWithArraySpecific" classname="io.confluent.kafka.serializers.KafkaAvroSerializerTest" time="0.062"/>
  <testcase name="testAvroSerializerInvalidInput" classname="io.confluent.kafka.serializers.KafkaAvroSerializerTest" time="0.047"/>
  <testcase name="testKafkaAvroSerializerReflectionRecordWithNullField" classname="io.confluent.kafka.serializers.KafkaAvroSerializerTest" time="0.095"/>
  <testcase name="testKafkaAvroSerializerReflectionRecordWithPrimitives" classname="io.confluent.kafka.serializers.KafkaAvroSerializerTest" time="0.315"/>
  <testcase name="testKafkaAvroDeserializerWithoutConfigure" classname="io.confluent.kafka.serializers.KafkaAvroSerializerTest" time="0.096"/>
  <testcase name="testKafkaAvroSerializerWithMultiTypeUnionSpecific" classname="io.confluent.kafka.serializers.KafkaAvroSerializerTest" time="0.094"/>
  <testcase name="testKafkaAvroSerializer" classname="io.confluent.kafka.serializers.KafkaAvroSerializerTest" time="0.063"/>
  <testcase name="testKafkaAvroSerializerWithPreRegisteredRemoveJavaProperties" classname="io.confluent.kafka.serializers.KafkaAvroSerializerTest" time="0.062"/>
  <testcase name="testKafkaAvroSerializerWithPreRegistered" classname="io.confluent.kafka.serializers.KafkaAvroSerializerTest" time="0.079"/>
  <testcase name="testKafkaAvroSerializerWithMultiType" classname="io.confluent.kafka.serializers.KafkaAvroSerializerTest" time="0.063"/>
  <testcase name="test_schemas_per_subject" classname="io.confluent.kafka.serializers.KafkaAvroSerializerTest" time="0.063"/>
  <testcase name="testKafkaAvroSerializerWithPreRegisteredUseLatest" classname="io.confluent.kafka.serializers.KafkaAvroSerializerTest" time="0.049"/>
  <testcase name="testKafkaAvroSerializerGenericRecordWithConverters" classname="io.confluent.kafka.serializers.KafkaAvroSerializerTest" time="0.062"/>
  <testcase name="testKafkaAvroSerializerWithProjection" classname="io.confluent.kafka.serializers.KafkaAvroSerializerTest" time="0.047"/>
  <testcase name="testKafkaAvroSerializerWithoutAutoRegister" classname="io.confluent.kafka.serializers.KafkaAvroSerializerTest" time="0.063"/>
  <testcase name="testKafkaAvroSerializerSupportsSchemaEvolution" classname="io.confluent.kafka.serializers.KafkaAvroSerializerTest" time="0.047"/>
</testsuite>